# JRE version: OpenJDK Runtime Environment (8.0_265-b01) (build 1.8.0_265-b01)
# Java VM: OpenJDK 64-Bit Server VM (25.265-b01 mixed mode windows-amd64 compressed oops)
Heap:
 def new generation   total 28224K, used 16339K [0x00000000a2400000, 0x00000000a42a0000, 0x00000000c1800000)
  eden space 25088K,  57% used [0x00000000a2400000, 0x00000000a321efb0, 0x00000000a3c80000)
  from space 3136K,  59% used [0x00000000a3f90000, 0x00000000a4165f60, 0x00000000a42a0000)
  to   space 3136K,   0% used [0x00000000a3c80000, 0x00000000a3c80000, 0x00000000a3f90000)
 tenured generation   total 62848K, used 12939K [0x00000000c1800000, 0x00000000c5560000, 0x0000000100000000)
   the space 62848K,  20% used [0x00000000c1800000, 0x00000000c24a2f28, 0x00000000c24a3000, 0x00000000c5560000)
 Metaspace       used 12475K, capacity 12724K, committed 12928K, reserved 1060864K
  class space    used 1362K, capacity 1406K, committed 1408K, reserved 1048576K
GC Heap History (10 events):
Event: 0.498 GC heap before
{Heap before GC invocations=0 (full 0):
 def new generation   total 28224K, used 25088K [0x00000000a2400000, 0x00000000a42a0000, 0x00000000c1800000)
  eden space 25088K, 100% used [0x00000000a2400000, 0x00000000a3c80000, 0x00000000a3c80000)
  from space 3136K,   0% used [0x00000000a3c80000, 0x00000000a3c80000, 0x00000000a3f90000)
  to   space 3136K,   0% used [0x00000000a3f90000, 0x00000000a3f90000, 0x00000000a42a0000)
 tenured generation   total 62848K, used 0K [0x00000000c1800000, 0x00000000c5560000, 0x0000000100000000)
   the space 62848K,   0% used [0x00000000c1800000, 0x00000000c1800000, 0x00000000c1800200, 0x00000000c5560000)
 Metaspace       used 6675K, capacity 6840K, committed 6912K, reserved 1056768K
  class space    used 691K, capacity 724K, committed 768K, reserved 1048576K
Event: 0.506 GC heap after
Heap after GC invocations=1 (full 0):
 def new generation   total 28224K, used 3135K [0x00000000a2400000, 0x00000000a42a0000, 0x00000000c1800000)
  eden space 25088K,   0% used [0x00000000a2400000, 0x00000000a2400000, 0x00000000a3c80000)
  from space 3136K,  99% used [0x00000000a3f90000, 0x00000000a429fff0, 0x00000000a42a0000)
  to   space 3136K,   0% used [0x00000000a3c80000, 0x00000000a3c80000, 0x00000000a3f90000)
 tenured generation   total 62848K, used 539K [0x00000000c1800000, 0x00000000c5560000, 0x0000000100000000)
   the space 62848K,   0% used [0x00000000c1800000, 0x00000000c1886ed8, 0x00000000c1887000, 0x00000000c5560000)
 Metaspace       used 6675K, capacity 6840K, committed 6912K, reserved 1056768K
  class space    used 691K, capacity 724K, committed 768K, reserved 1048576K
}
Event: 0.880 GC heap before
{Heap before GC invocations=1 (full 0):
 def new generation   total 28224K, used 28223K [0x00000000a2400000, 0x00000000a42a0000, 0x00000000c1800000)
  eden space 25088K, 100% used [0x00000000a2400000, 0x00000000a3c80000, 0x00000000a3c80000)
  from space 3136K,  99% used [0x00000000a3f90000, 0x00000000a429fff0, 0x00000000a42a0000)
  to   space 3136K,   0% used [0x00000000a3c80000, 0x00000000a3c80000, 0x00000000a3f90000)
 tenured generation   total 62848K, used 539K [0x00000000c1800000, 0x00000000c5560000, 0x0000000100000000)
   the space 62848K,   0% used [0x00000000c1800000, 0x00000000c1886ed8, 0x00000000c1887000, 0x00000000c5560000)
 Metaspace       used 8777K, capacity 8888K, committed 9216K, reserved 1056768K
  class space    used 895K, capacity 916K, committed 1024K, reserved 1048576K
Event: 0.909 GC heap after
Heap after GC invocations=2 (full 0):
 def new generation   total 28224K, used 3136K [0x00000000a2400000, 0x00000000a42a0000, 0x00000000c1800000)
  eden space 25088K,   0% used [0x00000000a2400000, 0x00000000a2400000, 0x00000000a3c80000)
  from space 3136K, 100% used [0x00000000a3c80000, 0x00000000a3f90000, 0x00000000a3f90000)
  to   space 3136K,   0% used [0x00000000a3f90000, 0x00000000a3f90000, 0x00000000a42a0000)
 tenured generation   total 62848K, used 8645K [0x00000000c1800000, 0x00000000c5560000, 0x0000000100000000)
   the space 62848K,  13% used [0x00000000c1800000, 0x00000000c2071668, 0x00000000c2071800, 0x00000000c5560000)
 Metaspace       used 8777K, capacity 8888K, committed 9216K, reserved 1056768K
  class space    used 895K, capacity 916K, committed 1024K, reserved 1048576K
}
Event: 1.022 GC heap before
{Heap before GC invocations=2 (full 0):
 def new generation   total 28224K, used 28224K [0x00000000a2400000, 0x00000000a42a0000, 0x00000000c1800000)
  eden space 25088K, 100% used [0x00000000a2400000, 0x00000000a3c80000, 0x00000000a3c80000)
  from space 3136K, 100% used [0x00000000a3c80000, 0x00000000a3f90000, 0x00000000a3f90000)
  to   space 3136K,   0% used [0x00000000a3f90000, 0x00000000a3f90000, 0x00000000a42a0000)
 tenured generation   total 62848K, used 8645K [0x00000000c1800000, 0x00000000c5560000, 0x0000000100000000)
   the space 62848K,  13% used [0x00000000c1800000, 0x00000000c2071668, 0x00000000c2071800, 0x00000000c5560000)
 Metaspace       used 8837K, capacity 9016K, committed 9216K, reserved 1056768K
  class space    used 901K, capacity 916K, committed 1024K, reserved 1048576K
Event: 1.034 GC heap after
Heap after GC invocations=3 (full 0):
 def new generation   total 28224K, used 2385K [0x00000000a2400000, 0x00000000a42a0000, 0x00000000c1800000)
  eden space 25088K,   0% used [0x00000000a2400000, 0x00000000a2400000, 0x00000000a3c80000)
  from space 3136K,  76% used [0x00000000a3f90000, 0x00000000a41e44b8, 0x00000000a42a0000)
  to   space 3136K,   0% used [0x00000000a3c80000, 0x00000000a3c80000, 0x00000000a3f90000)
 tenured generation   total 62848K, used 9257K [0x00000000c1800000, 0x00000000c5560000, 0x0000000100000000)
   the space 62848K,  14% used [0x00000000c1800000, 0x00000000c210a6a0, 0x00000000c210a800, 0x00000000c5560000)
 Metaspace       used 8837K, capacity 9016K, committed 9216K, reserved 1056768K
  class space    used 901K, capacity 916K, committed 1024K, reserved 1048576K
}
Event: 1.399 GC heap before
{Heap before GC invocations=3 (full 0):
 def new generation   total 28224K, used 27473K [0x00000000a2400000, 0x00000000a42a0000, 0x00000000c1800000)
  eden space 25088K, 100% used [0x00000000a2400000, 0x00000000a3c80000, 0x00000000a3c80000)
  from space 3136K,  76% used [0x00000000a3f90000, 0x00000000a41e44b8, 0x00000000a42a0000)
  to   space 3136K,   0% used [0x00000000a3c80000, 0x00000000a3c80000, 0x00000000a3f90000)
 tenured generation   total 62848K, used 9257K [0x00000000c1800000, 0x00000000c5560000, 0x0000000100000000)
   the space 62848K,  14% used [0x00000000c1800000, 0x00000000c210a6a0, 0x00000000c210a800, 0x00000000c5560000)
 Metaspace       used 12080K, capacity 12336K, committed 12416K, reserved 1060864K
  class space    used 1349K, capacity 1384K, committed 1408K, reserved 1048576K
Event: 1.410 GC heap after
Heap after GC invocations=4 (full 0):
 def new generation   total 28224K, used 3135K [0x00000000a2400000, 0x00000000a42a0000, 0x00000000c1800000)
  eden space 25088K,   0% used [0x00000000a2400000, 0x00000000a2400000, 0x00000000a3c80000)
  from space 3136K,  99% used [0x00000000a3c80000, 0x00000000a3f8fff8, 0x00000000a3f90000)
  to   space 3136K,   0% used [0x00000000a3f90000, 0x00000000a3f90000, 0x00000000a42a0000)
 tenured generation   total 62848K, used 11865K [0x00000000c1800000, 0x00000000c5560000, 0x0000000100000000)
   the space 62848K,  18% used [0x00000000c1800000, 0x00000000c23966b0, 0x00000000c2396800, 0x00000000c5560000)
 Metaspace       used 12080K, capacity 12336K, committed 12416K, reserved 1060864K
  class space    used 1349K, capacity 1384K, committed 1408K, reserved 1048576K
}
Event: 1.627 GC heap before
{Heap before GC invocations=4 (full 0):
 def new generation   total 28224K, used 28223K [0x00000000a2400000, 0x00000000a42a0000, 0x00000000c1800000)
  eden space 25088K, 100% used [0x00000000a2400000, 0x00000000a3c80000, 0x00000000a3c80000)
  from space 3136K,  99% used [0x00000000a3c80000, 0x00000000a3f8fff8, 0x00000000a3f90000)
  to   space 3136K,   0% used [0x00000000a3f90000, 0x00000000a3f90000, 0x00000000a42a0000)
 tenured generation   total 62848K, used 11865K [0x00000000c1800000, 0x00000000c5560000, 0x0000000100000000)
   the space 62848K,  18% used [0x00000000c1800000, 0x00000000c23966b0, 0x00000000c2396800, 0x00000000c5560000)
 Metaspace       used 12402K, capacity 12660K, committed 12672K, reserved 1060864K
  class space    used 1361K, capacity 1406K, committed 1408K, reserved 1048576K
Event: 1.637 GC heap after
Heap after GC invocations=5 (full 0):
 def new generation   total 28224K, used 1879K [0x00000000a2400000, 0x00000000a42a0000, 0x00000000c1800000)
  eden space 25088K,   0% used [0x00000000a2400000, 0x00000000a2400000, 0x00000000a3c80000)
  from space 3136K,  59% used [0x00000000a3f90000, 0x00000000a4165f60, 0x00000000a42a0000)
  to   space 3136K,   0% used [0x00000000a3c80000, 0x00000000a3c80000, 0x00000000a3f90000)
 tenured generation   total 62848K, used 12939K [0x00000000c1800000, 0x00000000c5560000, 0x0000000100000000)
   the space 62848K,  20% used [0x00000000c1800000, 0x00000000c24a2f28, 0x00000000c24a3000, 0x00000000c5560000)
 Metaspace       used 12402K, capacity 12660K, committed 12672K, reserved 1060864K
  class space    used 1361K, capacity 1406K, committed 1408K, reserved 1048576K
}

