# JRE version: OpenJDK Runtime Environment (8.0_265-b01) (build 1.8.0_265-b01)
# Java VM: OpenJDK 64-Bit Server VM (25.265-b01 mixed mode windows-amd64 compressed oops)
Heap:
 def new generation   total 28224K, used 18988K [0x00000000a2400000, 0x00000000a42a0000, 0x00000000c1800000)
  eden space 25088K,  67% used [0x00000000a2400000, 0x00000000a3480ab8, 0x00000000a3c80000)
  from space 3136K,  66% used [0x00000000a3c80000, 0x00000000a3e8a590, 0x00000000a3f90000)
  to   space 3136K,   0% used [0x00000000a3f90000, 0x00000000a3f90000, 0x00000000a42a0000)
 tenured generation   total 62848K, used 4388K [0x00000000c1800000, 0x00000000c5560000, 0x0000000100000000)
   the space 62848K,   6% used [0x00000000c1800000, 0x00000000c1c49118, 0x00000000c1c49200, 0x00000000c5560000)
 Metaspace       used 12986K, capacity 13226K, committed 13312K, reserved 1060864K
  class space    used 1411K, capacity 1471K, committed 1536K, reserved 1048576K
GC Heap History (10 events):
Event: 1.325 GC heap before
{Heap before GC invocations=1 (full 0):
 def new generation   total 28224K, used 28224K [0x00000000a2400000, 0x00000000a42a0000, 0x00000000c1800000)
  eden space 25088K, 100% used [0x00000000a2400000, 0x00000000a3c80000, 0x00000000a3c80000)
  from space 3136K, 100% used [0x00000000a3f90000, 0x00000000a42a0000, 0x00000000a42a0000)
  to   space 3136K,   0% used [0x00000000a3c80000, 0x00000000a3c80000, 0x00000000a3f90000)
 tenured generation   total 62848K, used 546K [0x00000000c1800000, 0x00000000c5560000, 0x0000000100000000)
   the space 62848K,   0% used [0x00000000c1800000, 0x00000000c1888a88, 0x00000000c1888c00, 0x00000000c5560000)
 Metaspace       used 11169K, capacity 11424K, committed 11648K, reserved 1058816K
  class space    used 1283K, capacity 1320K, committed 1408K, reserved 1048576K
Event: 1.341 GC heap after
Heap after GC invocations=2 (full 0):
 def new generation   total 28224K, used 3136K [0x00000000a2400000, 0x00000000a42a0000, 0x00000000c1800000)
  eden space 25088K,   0% used [0x00000000a2400000, 0x00000000a2400000, 0x00000000a3c80000)
  from space 3136K, 100% used [0x00000000a3c80000, 0x00000000a3f90000, 0x00000000a3f90000)
  to   space 3136K,   0% used [0x00000000a3f90000, 0x00000000a3f90000, 0x00000000a42a0000)
 tenured generation   total 62848K, used 2758K [0x00000000c1800000, 0x00000000c5560000, 0x0000000100000000)
   the space 62848K,   4% used [0x00000000c1800000, 0x00000000c1ab1aa0, 0x00000000c1ab1c00, 0x00000000c5560000)
 Metaspace       used 11169K, capacity 11424K, committed 11648K, reserved 1058816K
  class space    used 1283K, capacity 1320K, committed 1408K, reserved 1048576K
}
Event: 1.711 GC heap before
{Heap before GC invocations=2 (full 0):
 def new generation   total 28224K, used 28224K [0x00000000a2400000, 0x00000000a42a0000, 0x00000000c1800000)
  eden space 25088K, 100% used [0x00000000a2400000, 0x00000000a3c80000, 0x00000000a3c80000)
  from space 3136K, 100% used [0x00000000a3c80000, 0x00000000a3f90000, 0x00000000a3f90000)
  to   space 3136K,   0% used [0x00000000a3f90000, 0x00000000a3f90000, 0x00000000a42a0000)
 tenured generation   total 62848K, used 2758K [0x00000000c1800000, 0x00000000c5560000, 0x0000000100000000)
   the space 62848K,   4% used [0x00000000c1800000, 0x00000000c1ab1aa0, 0x00000000c1ab1c00, 0x00000000c5560000)
 Metaspace       used 11596K, capacity 11876K, committed 12160K, reserved 1060864K
  class space    used 1296K, capacity 1342K, committed 1408K, reserved 1048576K
Event: 1.723 GC heap after
Heap after GC invocations=3 (full 0):
 def new generation   total 28224K, used 1945K [0x00000000a2400000, 0x00000000a42a0000, 0x00000000c1800000)
  eden space 25088K,   0% used [0x00000000a2400000, 0x00000000a2400000, 0x00000000a3c80000)
  from space 3136K,  62% used [0x00000000a3f90000, 0x00000000a41766e0, 0x00000000a42a0000)
  to   space 3136K,   0% used [0x00000000a3c80000, 0x00000000a3c80000, 0x00000000a3f90000)
 tenured generation   total 62848K, used 3853K [0x00000000c1800000, 0x00000000c5560000, 0x0000000100000000)
   the space 62848K,   6% used [0x00000000c1800000, 0x00000000c1bc37d8, 0x00000000c1bc3800, 0x00000000c5560000)
 Metaspace       used 11596K, capacity 11876K, committed 12160K, reserved 1060864K
  class space    used 1296K, capacity 1342K, committed 1408K, reserved 1048576K
}
Event: 2.024 GC heap before
{Heap before GC invocations=3 (full 0):
 def new generation   total 28224K, used 27033K [0x00000000a2400000, 0x00000000a42a0000, 0x00000000c1800000)
  eden space 25088K, 100% used [0x00000000a2400000, 0x00000000a3c80000, 0x00000000a3c80000)
  from space 3136K,  62% used [0x00000000a3f90000, 0x00000000a41766e0, 0x00000000a42a0000)
  to   space 3136K,   0% used [0x00000000a3c80000, 0x00000000a3c80000, 0x00000000a3f90000)
 tenured generation   total 62848K, used 3853K [0x00000000c1800000, 0x00000000c5560000, 0x0000000100000000)
   the space 62848K,   6% used [0x00000000c1800000, 0x00000000c1bc37d8, 0x00000000c1bc3800, 0x00000000c5560000)
 Metaspace       used 11720K, capacity 11940K, committed 12160K, reserved 1060864K
  class space    used 1296K, capacity 1342K, committed 1408K, reserved 1048576K
Event: 2.032 GC heap after
Heap after GC invocations=4 (full 0):
 def new generation   total 28224K, used 1919K [0x00000000a2400000, 0x00000000a42a0000, 0x00000000c1800000)
  eden space 25088K,   0% used [0x00000000a2400000, 0x00000000a2400000, 0x00000000a3c80000)
  from space 3136K,  61% used [0x00000000a3c80000, 0x00000000a3e5fe60, 0x00000000a3f90000)
  to   space 3136K,   0% used [0x00000000a3f90000, 0x00000000a3f90000, 0x00000000a42a0000)
 tenured generation   total 62848K, used 3975K [0x00000000c1800000, 0x00000000c5560000, 0x0000000100000000)
   the space 62848K,   6% used [0x00000000c1800000, 0x00000000c1be1db8, 0x00000000c1be1e00, 0x00000000c5560000)
 Metaspace       used 11720K, capacity 11940K, committed 12160K, reserved 1060864K
  class space    used 1296K, capacity 1342K, committed 1408K, reserved 1048576K
}
Event: 3.110 GC heap before
{Heap before GC invocations=4 (full 0):
 def new generation   total 28224K, used 27007K [0x00000000a2400000, 0x00000000a42a0000, 0x00000000c1800000)
  eden space 25088K, 100% used [0x00000000a2400000, 0x00000000a3c80000, 0x00000000a3c80000)
  from space 3136K,  61% used [0x00000000a3c80000, 0x00000000a3e5fe60, 0x00000000a3f90000)
  to   space 3136K,   0% used [0x00000000a3f90000, 0x00000000a3f90000, 0x00000000a42a0000)
 tenured generation   total 62848K, used 3975K [0x00000000c1800000, 0x00000000c5560000, 0x0000000100000000)
   the space 62848K,   6% used [0x00000000c1800000, 0x00000000c1be1db8, 0x00000000c1be1e00, 0x00000000c5560000)
 Metaspace       used 12843K, capacity 13162K, committed 13312K, reserved 1060864K
  class space    used 1403K, capacity 1471K, committed 1536K, reserved 1048576K
Event: 3.118 GC heap after
Heap after GC invocations=5 (full 0):
 def new generation   total 28224K, used 1761K [0x00000000a2400000, 0x00000000a42a0000, 0x00000000c1800000)
  eden space 25088K,   0% used [0x00000000a2400000, 0x00000000a2400000, 0x00000000a3c80000)
  from space 3136K,  56% used [0x00000000a3f90000, 0x00000000a4148698, 0x00000000a42a0000)
  to   space 3136K,   0% used [0x00000000a3c80000, 0x00000000a3c80000, 0x00000000a3f90000)
 tenured generation   total 62848K, used 4055K [0x00000000c1800000, 0x00000000c5560000, 0x0000000100000000)
   the space 62848K,   6% used [0x00000000c1800000, 0x00000000c1bf5c30, 0x00000000c1bf5e00, 0x00000000c5560000)
 Metaspace       used 12843K, capacity 13162K, committed 13312K, reserved 1060864K
  class space    used 1403K, capacity 1471K, committed 1536K, reserved 1048576K
}
Event: 3.411 GC heap before
{Heap before GC invocations=5 (full 0):
 def new generation   total 28224K, used 26849K [0x00000000a2400000, 0x00000000a42a0000, 0x00000000c1800000)
  eden space 25088K, 100% used [0x00000000a2400000, 0x00000000a3c80000, 0x00000000a3c80000)
  from space 3136K,  56% used [0x00000000a3f90000, 0x00000000a4148698, 0x00000000a42a0000)
  to   space 3136K,   0% used [0x00000000a3c80000, 0x00000000a3c80000, 0x00000000a3f90000)
 tenured generation   total 62848K, used 4055K [0x00000000c1800000, 0x00000000c5560000, 0x0000000100000000)
   the space 62848K,   6% used [0x00000000c1800000, 0x00000000c1bf5c30, 0x00000000c1bf5e00, 0x00000000c5560000)
 Metaspace       used 12971K, capacity 13226K, committed 13312K, reserved 1060864K
  class space    used 1410K, capacity 1471K, committed 1536K, reserved 1048576K
Event: 3.419 GC heap after
Heap after GC invocations=6 (full 0):
 def new generation   total 28224K, used 2089K [0x00000000a2400000, 0x00000000a42a0000, 0x00000000c1800000)
  eden space 25088K,   0% used [0x00000000a2400000, 0x00000000a2400000, 0x00000000a3c80000)
  from space 3136K,  66% used [0x00000000a3c80000, 0x00000000a3e8a590, 0x00000000a3f90000)
  to   space 3136K,   0% used [0x00000000a3f90000, 0x00000000a3f90000, 0x00000000a42a0000)
 tenured generation   total 62848K, used 4388K [0x00000000c1800000, 0x00000000c5560000, 0x0000000100000000)
   the space 62848K,   6% used [0x00000000c1800000, 0x00000000c1c49118, 0x00000000c1c49200, 0x00000000c5560000)
 Metaspace       used 12971K, capacity 13226K, committed 13312K, reserved 1060864K
  class space    used 1410K, capacity 1471K, committed 1536K, reserved 1048576K
}

